ERROR - 2026-07-20 06:37:26 --> Error connecting to the database: Exception: Unable to open database: unable to open database file in /home/luciano/Documents/projet_final_S4/projet-Final-WEB-S4/codeigniter4/system/Database/SQLite3/Connection.php:111
Stack trace:
#0 /home/luciano/Documents/projet_final_S4/projet-Final-WEB-S4/codeigniter4/system/Database/SQLite3/Connection.php(111): SQLite3->__construct()
#1 /home/luciano/Documents/projet_final_S4/projet-Final-WEB-S4/codeigniter4/system/Database/BaseConnection.php(555): CodeIgniter\Database\SQLite3\Connection->connect()
#2 /home/luciano/Documents/projet_final_S4/projet-Final-WEB-S4/codeigniter4/system/Database/SQLite3/Connection.php(74): CodeIgniter\Database\BaseConnection->initialize()
#3 /home/luciano/Documents/projet_final_S4/projet-Final-WEB-S4/codeigniter4/system/Database/BaseConnection.php(795): CodeIgniter\Database\SQLite3\Connection->initialize()
#4 /home/luciano/Documents/projet_final_S4/projet-Final-WEB-S4/codeigniter4/system/Database/BaseConnection.php(1706): CodeIgniter\Database\BaseConnection->query()
#5 /home/luciano/Documents/projet_final_S4/projet-Final-WEB-S4/codeigniter4/system/Database/BaseConnection.php(1726): CodeIgniter\Database\BaseConnection->listTables()
#6 /home/luciano/Documents/projet_final_S4/projet-Final-WEB-S4/codeigniter4/system/Database/MigrationRunner.php(821): CodeIgniter\Database\BaseConnection->tableExists()
#7 /home/luciano/Documents/projet_final_S4/projet-Final-WEB-S4/codeigniter4/system/Database/MigrationRunner.php(173): CodeIgniter\Database\MigrationRunner->ensureTable()
#8 /home/luciano/Documents/projet_final_S4/projet-Final-WEB-S4/codeigniter4/system/Commands/Database/Migrate.php(89): CodeIgniter\Database\MigrationRunner->latest()
#9 /home/luciano/Documents/projet_final_S4/projet-Final-WEB-S4/codeigniter4/system/CLI/SignalTrait.php(245): CodeIgniter\Commands\Database\Migrate::CodeIgniter\Commands\Database\{closure}()
#10 /home/luciano/Documents/projet_final_S4/projet-Final-WEB-S4/codeigniter4/system/Commands/Database/Migrate.php(88): CodeIgniter\Commands\Database\Migrate->withSignalsBlocked()
#11 /home/luciano/Documents/projet_final_S4/projet-Final-WEB-S4/codeigniter4/system/CLI/Commands.php(74): CodeIgniter\Commands\Database\Migrate->run()
#12 /home/luciano/Documents/projet_final_S4/projet-Final-WEB-S4/codeigniter4/system/CLI/Console.php(47): CodeIgniter\CLI\Commands->run()
#13 /home/luciano/Documents/projet_final_S4/projet-Final-WEB-S4/codeigniter4/system/Boot.php(442): CodeIgniter\CLI\Console->run()
#14 /home/luciano/Documents/projet_final_S4/projet-Final-WEB-S4/codeigniter4/system/Boot.php(166): CodeIgniter\Boot::runCommand()
#15 /home/luciano/Documents/projet_final_S4/projet-Final-WEB-S4/codeigniter4/spark(87): CodeIgniter\Boot::bootSpark()
#16 {main}

Next CodeIgniter\Database\Exceptions\DatabaseException: SQLite3 error: Unable to open database: unable to open database file in /home/luciano/Documents/projet_final_S4/projet-Final-WEB-S4/codeigniter4/system/Database/SQLite3/Connection.php:118
Stack trace:
#0 /home/luciano/Documents/projet_final_S4/projet-Final-WEB-S4/codeigniter4/system/Database/BaseConnection.php(555): CodeIgniter\Database\SQLite3\Connection->connect()
#1 /home/luciano/Documents/projet_final_S4/projet-Final-WEB-S4/codeigniter4/system/Database/SQLite3/Connection.php(74): CodeIgniter\Database\BaseConnection->initialize()
#2 /home/luciano/Documents/projet_final_S4/projet-Final-WEB-S4/codeigniter4/system/Database/BaseConnection.php(795): CodeIgniter\Database\SQLite3\Connection->initialize()
#3 /home/luciano/Documents/projet_final_S4/projet-Final-WEB-S4/codeigniter4/system/Database/BaseConnection.php(1706): CodeIgniter\Database\BaseConnection->query()
#4 /home/luciano/Documents/projet_final_S4/projet-Final-WEB-S4/codeigniter4/system/Database/BaseConnection.php(1726): CodeIgniter\Database\BaseConnection->listTables()
#5 /home/luciano/Documents/projet_final_S4/projet-Final-WEB-S4/codeigniter4/system/Database/MigrationRunner.php(821): CodeIgniter\Database\BaseConnection->tableExists()
#6 /home/luciano/Documents/projet_final_S4/projet-Final-WEB-S4/codeigniter4/system/Database/MigrationRunner.php(173): CodeIgniter\Database\MigrationRunner->ensureTable()
#7 /home/luciano/Documents/projet_final_S4/projet-Final-WEB-S4/codeigniter4/system/Commands/Database/Migrate.php(89): CodeIgniter\Database\MigrationRunner->latest()
#8 /home/luciano/Documents/projet_final_S4/projet-Final-WEB-S4/codeigniter4/system/CLI/SignalTrait.php(245): CodeIgniter\Commands\Database\Migrate::CodeIgniter\Commands\Database\{closure}()
#9 /home/luciano/Documents/projet_final_S4/projet-Final-WEB-S4/codeigniter4/system/Commands/Database/Migrate.php(88): CodeIgniter\Commands\Database\Migrate->withSignalsBlocked()
#10 /home/luciano/Documents/projet_final_S4/projet-Final-WEB-S4/codeigniter4/system/CLI/Commands.php(74): CodeIgniter\Commands\Database\Migrate->run()
#11 /home/luciano/Documents/projet_final_S4/projet-Final-WEB-S4/codeigniter4/system/CLI/Console.php(47): CodeIgniter\CLI\Commands->run()
#12 /home/luciano/Documents/projet_final_S4/projet-Final-WEB-S4/codeigniter4/system/Boot.php(442): CodeIgniter\CLI\Console->run()
#13 /home/luciano/Documents/projet_final_S4/projet-Final-WEB-S4/codeigniter4/system/Boot.php(166): CodeIgniter\Boot::runCommand()
#14 /home/luciano/Documents/projet_final_S4/projet-Final-WEB-S4/codeigniter4/spark(87): CodeIgniter\Boot::bootSpark()
#15 {main}
ERROR - 2026-07-20 06:37:26 --> Error connecting to the database: Exception: Unable to open database: unable to open database file in /home/luciano/Documents/projet_final_S4/projet-Final-WEB-S4/codeigniter4/system/Database/SQLite3/Connection.php:111
Stack trace:
#0 /home/luciano/Documents/projet_final_S4/projet-Final-WEB-S4/codeigniter4/system/Database/SQLite3/Connection.php(111): SQLite3->__construct()
#1 /home/luciano/Documents/projet_final_S4/projet-Final-WEB-S4/codeigniter4/system/Database/BaseConnection.php(555): CodeIgniter\Database\SQLite3\Connection->connect()
#2 /home/luciano/Documents/projet_final_S4/projet-Final-WEB-S4/codeigniter4/system/Database/SQLite3/Connection.php(74): CodeIgniter\Database\BaseConnection->initialize()
#3 /home/luciano/Documents/projet_final_S4/projet-Final-WEB-S4/codeigniter4/system/Database/Database.php(74): CodeIgniter\Database\SQLite3\Connection->initialize()
#4 /home/luciano/Documents/projet_final_S4/projet-Final-WEB-S4/codeigniter4/system/Database/Config.php(111): CodeIgniter\Database\Database->loadForge()
#5 /home/luciano/Documents/projet_final_S4/projet-Final-WEB-S4/codeigniter4/system/Database/Seeder.php(103): CodeIgniter\Database\Config::forge()
#6 /home/luciano/Documents/projet_final_S4/projet-Final-WEB-S4/codeigniter4/system/Commands/Database/Seed.php(71): CodeIgniter\Database\Seeder->__construct()
#7 /home/luciano/Documents/projet_final_S4/projet-Final-WEB-S4/codeigniter4/system/CLI/Commands.php(74): CodeIgniter\Commands\Database\Seed->run()
#8 /home/luciano/Documents/projet_final_S4/projet-Final-WEB-S4/codeigniter4/system/CLI/Console.php(47): CodeIgniter\CLI\Commands->run()
#9 /home/luciano/Documents/projet_final_S4/projet-Final-WEB-S4/codeigniter4/system/Boot.php(442): CodeIgniter\CLI\Console->run()
#10 /home/luciano/Documents/projet_final_S4/projet-Final-WEB-S4/codeigniter4/system/Boot.php(166): CodeIgniter\Boot::runCommand()
#11 /home/luciano/Documents/projet_final_S4/projet-Final-WEB-S4/codeigniter4/spark(87): CodeIgniter\Boot::bootSpark()
#12 {main}

Next CodeIgniter\Database\Exceptions\DatabaseException: SQLite3 error: Unable to open database: unable to open database file in /home/luciano/Documents/projet_final_S4/projet-Final-WEB-S4/codeigniter4/system/Database/SQLite3/Connection.php:118
Stack trace:
#0 /home/luciano/Documents/projet_final_S4/projet-Final-WEB-S4/codeigniter4/system/Database/BaseConnection.php(555): CodeIgniter\Database\SQLite3\Connection->connect()
#1 /home/luciano/Documents/projet_final_S4/projet-Final-WEB-S4/codeigniter4/system/Database/SQLite3/Connection.php(74): CodeIgniter\Database\BaseConnection->initialize()
#2 /home/luciano/Documents/projet_final_S4/projet-Final-WEB-S4/codeigniter4/system/Database/Database.php(74): CodeIgniter\Database\SQLite3\Connection->initialize()
#3 /home/luciano/Documents/projet_final_S4/projet-Final-WEB-S4/codeigniter4/system/Database/Config.php(111): CodeIgniter\Database\Database->loadForge()
#4 /home/luciano/Documents/projet_final_S4/projet-Final-WEB-S4/codeigniter4/system/Database/Seeder.php(103): CodeIgniter\Database\Config::forge()
#5 /home/luciano/Documents/projet_final_S4/projet-Final-WEB-S4/codeigniter4/system/Commands/Database/Seed.php(71): CodeIgniter\Database\Seeder->__construct()
#6 /home/luciano/Documents/projet_final_S4/projet-Final-WEB-S4/codeigniter4/system/CLI/Commands.php(74): CodeIgniter\Commands\Database\Seed->run()
#7 /home/luciano/Documents/projet_final_S4/projet-Final-WEB-S4/codeigniter4/system/CLI/Console.php(47): CodeIgniter\CLI\Commands->run()
#8 /home/luciano/Documents/projet_final_S4/projet-Final-WEB-S4/codeigniter4/system/Boot.php(442): CodeIgniter\CLI\Console->run()
#9 /home/luciano/Documents/projet_final_S4/projet-Final-WEB-S4/codeigniter4/system/Boot.php(166): CodeIgniter\Boot::runCommand()
#10 /home/luciano/Documents/projet_final_S4/projet-Final-WEB-S4/codeigniter4/spark(87): CodeIgniter\Boot::bootSpark()
#11 {main}
CRITICAL - 2026-07-20 06:37:26 --> CodeIgniter\Database\Exceptions\DatabaseException: Unable to connect to the database.
Main connection [SQLite3]: SQLite3 error: Unable to open database: unable to open database file
[Method: CLI, Route: db:seed/PrefixesSeed]
in SYSTEMPATH/Database/BaseConnection.php on line 606.
 1 SYSTEMPATH/Database/SQLite3/Connection.php(74): CodeIgniter\Database\BaseConnection->initialize()
 2 SYSTEMPATH/Database/Database.php(74): CodeIgniter\Database\SQLite3\Connection->initialize()
 3 SYSTEMPATH/Database/Config.php(111): CodeIgniter\Database\Database->loadForge()
 4 SYSTEMPATH/Database/Seeder.php(103): CodeIgniter\Database\Config::forge()
 5 SYSTEMPATH/Commands/Database/Seed.php(71): CodeIgniter\Database\Seeder->__construct()
 6 SYSTEMPATH/CLI/Commands.php(74): CodeIgniter\Commands\Database\Seed->run()
 7 SYSTEMPATH/CLI/Console.php(47): CodeIgniter\CLI\Commands->run()
 8 SYSTEMPATH/Boot.php(442): CodeIgniter\CLI\Console->run()
 9 SYSTEMPATH/Boot.php(166): CodeIgniter\Boot::runCommand()
10 ROOTPATH/spark(87): CodeIgniter\Boot::bootSpark()
ERROR - 2026-07-20 06:37:26 --> Error connecting to the database: Exception: Unable to open database: unable to open database file in /home/luciano/Documents/projet_final_S4/projet-Final-WEB-S4/codeigniter4/system/Database/SQLite3/Connection.php:111
Stack trace:
#0 /home/luciano/Documents/projet_final_S4/projet-Final-WEB-S4/codeigniter4/system/Database/SQLite3/Connection.php(111): SQLite3->__construct()
#1 /home/luciano/Documents/projet_final_S4/projet-Final-WEB-S4/codeigniter4/system/Database/BaseConnection.php(555): CodeIgniter\Database\SQLite3\Connection->connect()
#2 /home/luciano/Documents/projet_final_S4/projet-Final-WEB-S4/codeigniter4/system/Database/SQLite3/Connection.php(74): CodeIgniter\Database\BaseConnection->initialize()
#3 /home/luciano/Documents/projet_final_S4/projet-Final-WEB-S4/codeigniter4/system/Database/Database.php(74): CodeIgniter\Database\SQLite3\Connection->initialize()
#4 /home/luciano/Documents/projet_final_S4/projet-Final-WEB-S4/codeigniter4/system/Database/Config.php(111): CodeIgniter\Database\Database->loadForge()
#5 /home/luciano/Documents/projet_final_S4/projet-Final-WEB-S4/codeigniter4/system/Database/Seeder.php(103): CodeIgniter\Database\Config::forge()
#6 /home/luciano/Documents/projet_final_S4/projet-Final-WEB-S4/codeigniter4/system/Commands/Database/Seed.php(71): CodeIgniter\Database\Seeder->__construct()
#7 /home/luciano/Documents/projet_final_S4/projet-Final-WEB-S4/codeigniter4/system/CLI/Commands.php(74): CodeIgniter\Commands\Database\Seed->run()
#8 /home/luciano/Documents/projet_final_S4/projet-Final-WEB-S4/codeigniter4/system/CLI/Console.php(47): CodeIgniter\CLI\Commands->run()
#9 /home/luciano/Documents/projet_final_S4/projet-Final-WEB-S4/codeigniter4/system/Boot.php(442): CodeIgniter\CLI\Console->run()
#10 /home/luciano/Documents/projet_final_S4/projet-Final-WEB-S4/codeigniter4/system/Boot.php(166): CodeIgniter\Boot::runCommand()
#11 /home/luciano/Documents/projet_final_S4/projet-Final-WEB-S4/codeigniter4/spark(87): CodeIgniter\Boot::bootSpark()
#12 {main}

Next CodeIgniter\Database\Exceptions\DatabaseException: SQLite3 error: Unable to open database: unable to open database file in /home/luciano/Documents/projet_final_S4/projet-Final-WEB-S4/codeigniter4/system/Database/SQLite3/Connection.php:118
Stack trace:
#0 /home/luciano/Documents/projet_final_S4/projet-Final-WEB-S4/codeigniter4/system/Database/BaseConnection.php(555): CodeIgniter\Database\SQLite3\Connection->connect()
#1 /home/luciano/Documents/projet_final_S4/projet-Final-WEB-S4/codeigniter4/system/Database/SQLite3/Connection.php(74): CodeIgniter\Database\BaseConnection->initialize()
#2 /home/luciano/Documents/projet_final_S4/projet-Final-WEB-S4/codeigniter4/system/Database/Database.php(74): CodeIgniter\Database\SQLite3\Connection->initialize()
#3 /home/luciano/Documents/projet_final_S4/projet-Final-WEB-S4/codeigniter4/system/Database/Config.php(111): CodeIgniter\Database\Database->loadForge()
#4 /home/luciano/Documents/projet_final_S4/projet-Final-WEB-S4/codeigniter4/system/Database/Seeder.php(103): CodeIgniter\Database\Config::forge()
#5 /home/luciano/Documents/projet_final_S4/projet-Final-WEB-S4/codeigniter4/system/Commands/Database/Seed.php(71): CodeIgniter\Database\Seeder->__construct()
#6 /home/luciano/Documents/projet_final_S4/projet-Final-WEB-S4/codeigniter4/system/CLI/Commands.php(74): CodeIgniter\Commands\Database\Seed->run()
#7 /home/luciano/Documents/projet_final_S4/projet-Final-WEB-S4/codeigniter4/system/CLI/Console.php(47): CodeIgniter\CLI\Commands->run()
#8 /home/luciano/Documents/projet_final_S4/projet-Final-WEB-S4/codeigniter4/system/Boot.php(442): CodeIgniter\CLI\Console->run()
#9 /home/luciano/Documents/projet_final_S4/projet-Final-WEB-S4/codeigniter4/system/Boot.php(166): CodeIgniter\Boot::runCommand()
#10 /home/luciano/Documents/projet_final_S4/projet-Final-WEB-S4/codeigniter4/spark(87): CodeIgniter\Boot::bootSpark()
#11 {main}
CRITICAL - 2026-07-20 06:37:26 --> CodeIgniter\Database\Exceptions\DatabaseException: Unable to connect to the database.
Main connection [SQLite3]: SQLite3 error: Unable to open database: unable to open database file
[Method: CLI, Route: db:seed/TypesOperationsSeed]
in SYSTEMPATH/Database/BaseConnection.php on line 606.
 1 SYSTEMPATH/Database/SQLite3/Connection.php(74): CodeIgniter\Database\BaseConnection->initialize()
 2 SYSTEMPATH/Database/Database.php(74): CodeIgniter\Database\SQLite3\Connection->initialize()
 3 SYSTEMPATH/Database/Config.php(111): CodeIgniter\Database\Database->loadForge()
 4 SYSTEMPATH/Database/Seeder.php(103): CodeIgniter\Database\Config::forge()
 5 SYSTEMPATH/Commands/Database/Seed.php(71): CodeIgniter\Database\Seeder->__construct()
 6 SYSTEMPATH/CLI/Commands.php(74): CodeIgniter\Commands\Database\Seed->run()
 7 SYSTEMPATH/CLI/Console.php(47): CodeIgniter\CLI\Commands->run()
 8 SYSTEMPATH/Boot.php(442): CodeIgniter\CLI\Console->run()
 9 SYSTEMPATH/Boot.php(166): CodeIgniter\Boot::runCommand()
10 ROOTPATH/spark(87): CodeIgniter\Boot::bootSpark()
ERROR - 2026-07-20 06:37:26 --> Error connecting to the database: Exception: Unable to open database: unable to open database file in /home/luciano/Documents/projet_final_S4/projet-Final-WEB-S4/codeigniter4/system/Database/SQLite3/Connection.php:111
Stack trace:
#0 /home/luciano/Documents/projet_final_S4/projet-Final-WEB-S4/codeigniter4/system/Database/SQLite3/Connection.php(111): SQLite3->__construct()
#1 /home/luciano/Documents/projet_final_S4/projet-Final-WEB-S4/codeigniter4/system/Database/BaseConnection.php(555): CodeIgniter\Database\SQLite3\Connection->connect()
#2 /home/luciano/Documents/projet_final_S4/projet-Final-WEB-S4/codeigniter4/system/Database/SQLite3/Connection.php(74): CodeIgniter\Database\BaseConnection->initialize()
#3 /home/luciano/Documents/projet_final_S4/projet-Final-WEB-S4/codeigniter4/system/Database/Database.php(74): CodeIgniter\Database\SQLite3\Connection->initialize()
#4 /home/luciano/Documents/projet_final_S4/projet-Final-WEB-S4/codeigniter4/system/Database/Config.php(111): CodeIgniter\Database\Database->loadForge()
#5 /home/luciano/Documents/projet_final_S4/projet-Final-WEB-S4/codeigniter4/system/Database/Seeder.php(103): CodeIgniter\Database\Config::forge()
#6 /home/luciano/Documents/projet_final_S4/projet-Final-WEB-S4/codeigniter4/system/Commands/Database/Seed.php(71): CodeIgniter\Database\Seeder->__construct()
#7 /home/luciano/Documents/projet_final_S4/projet-Final-WEB-S4/codeigniter4/system/CLI/Commands.php(74): CodeIgniter\Commands\Database\Seed->run()
#8 /home/luciano/Documents/projet_final_S4/projet-Final-WEB-S4/codeigniter4/system/CLI/Console.php(47): CodeIgniter\CLI\Commands->run()
#9 /home/luciano/Documents/projet_final_S4/projet-Final-WEB-S4/codeigniter4/system/Boot.php(442): CodeIgniter\CLI\Console->run()
#10 /home/luciano/Documents/projet_final_S4/projet-Final-WEB-S4/codeigniter4/system/Boot.php(166): CodeIgniter\Boot::runCommand()
#11 /home/luciano/Documents/projet_final_S4/projet-Final-WEB-S4/codeigniter4/spark(87): CodeIgniter\Boot::bootSpark()
#12 {main}

Next CodeIgniter\Database\Exceptions\DatabaseException: SQLite3 error: Unable to open database: unable to open database file in /home/luciano/Documents/projet_final_S4/projet-Final-WEB-S4/codeigniter4/system/Database/SQLite3/Connection.php:118
Stack trace:
#0 /home/luciano/Documents/projet_final_S4/projet-Final-WEB-S4/codeigniter4/system/Database/BaseConnection.php(555): CodeIgniter\Database\SQLite3\Connection->connect()
#1 /home/luciano/Documents/projet_final_S4/projet-Final-WEB-S4/codeigniter4/system/Database/SQLite3/Connection.php(74): CodeIgniter\Database\BaseConnection->initialize()
#2 /home/luciano/Documents/projet_final_S4/projet-Final-WEB-S4/codeigniter4/system/Database/Database.php(74): CodeIgniter\Database\SQLite3\Connection->initialize()
#3 /home/luciano/Documents/projet_final_S4/projet-Final-WEB-S4/codeigniter4/system/Database/Config.php(111): CodeIgniter\Database\Database->loadForge()
#4 /home/luciano/Documents/projet_final_S4/projet-Final-WEB-S4/codeigniter4/system/Database/Seeder.php(103): CodeIgniter\Database\Config::forge()
#5 /home/luciano/Documents/projet_final_S4/projet-Final-WEB-S4/codeigniter4/system/Commands/Database/Seed.php(71): CodeIgniter\Database\Seeder->__construct()
#6 /home/luciano/Documents/projet_final_S4/projet-Final-WEB-S4/codeigniter4/system/CLI/Commands.php(74): CodeIgniter\Commands\Database\Seed->run()
#7 /home/luciano/Documents/projet_final_S4/projet-Final-WEB-S4/codeigniter4/system/CLI/Console.php(47): CodeIgniter\CLI\Commands->run()
#8 /home/luciano/Documents/projet_final_S4/projet-Final-WEB-S4/codeigniter4/system/Boot.php(442): CodeIgniter\CLI\Console->run()
#9 /home/luciano/Documents/projet_final_S4/projet-Final-WEB-S4/codeigniter4/system/Boot.php(166): CodeIgniter\Boot::runCommand()
#10 /home/luciano/Documents/projet_final_S4/projet-Final-WEB-S4/codeigniter4/spark(87): CodeIgniter\Boot::bootSpark()
#11 {main}
CRITICAL - 2026-07-20 06:37:26 --> CodeIgniter\Database\Exceptions\DatabaseException: Unable to connect to the database.
Main connection [SQLite3]: SQLite3 error: Unable to open database: unable to open database file
[Method: CLI, Route: db:seed/BaremesSeed]
in SYSTEMPATH/Database/BaseConnection.php on line 606.
 1 SYSTEMPATH/Database/SQLite3/Connection.php(74): CodeIgniter\Database\BaseConnection->initialize()
 2 SYSTEMPATH/Database/Database.php(74): CodeIgniter\Database\SQLite3\Connection->initialize()
 3 SYSTEMPATH/Database/Config.php(111): CodeIgniter\Database\Database->loadForge()
 4 SYSTEMPATH/Database/Seeder.php(103): CodeIgniter\Database\Config::forge()
 5 SYSTEMPATH/Commands/Database/Seed.php(71): CodeIgniter\Database\Seeder->__construct()
 6 SYSTEMPATH/CLI/Commands.php(74): CodeIgniter\Commands\Database\Seed->run()
 7 SYSTEMPATH/CLI/Console.php(47): CodeIgniter\CLI\Commands->run()
 8 SYSTEMPATH/Boot.php(442): CodeIgniter\CLI\Console->run()
 9 SYSTEMPATH/Boot.php(166): CodeIgniter\Boot::runCommand()
10 ROOTPATH/spark(87): CodeIgniter\Boot::bootSpark()
ERROR - 2026-07-20 06:39:16 --> Error connecting to the database: Exception: Unable to open database: unable to open database file in /home/luciano/Documents/projet_final_S4/projet-Final-WEB-S4/codeigniter4/system/Database/SQLite3/Connection.php:111
Stack trace:
#0 /home/luciano/Documents/projet_final_S4/projet-Final-WEB-S4/codeigniter4/system/Database/SQLite3/Connection.php(111): SQLite3->__construct()
#1 /home/luciano/Documents/projet_final_S4/projet-Final-WEB-S4/codeigniter4/system/Database/BaseConnection.php(555): CodeIgniter\Database\SQLite3\Connection->connect()
#2 /home/luciano/Documents/projet_final_S4/projet-Final-WEB-S4/codeigniter4/system/Database/SQLite3/Connection.php(74): CodeIgniter\Database\BaseConnection->initialize()
#3 /home/luciano/Documents/projet_final_S4/projet-Final-WEB-S4/codeigniter4/system/Database/BaseConnection.php(795): CodeIgniter\Database\SQLite3\Connection->initialize()
#4 /home/luciano/Documents/projet_final_S4/projet-Final-WEB-S4/codeigniter4/system/Database/BaseConnection.php(1706): CodeIgniter\Database\BaseConnection->query()
#5 /home/luciano/Documents/projet_final_S4/projet-Final-WEB-S4/codeigniter4/system/Database/BaseConnection.php(1726): CodeIgniter\Database\BaseConnection->listTables()
#6 /home/luciano/Documents/projet_final_S4/projet-Final-WEB-S4/codeigniter4/system/Database/MigrationRunner.php(821): CodeIgniter\Database\BaseConnection->tableExists()
#7 /home/luciano/Documents/projet_final_S4/projet-Final-WEB-S4/codeigniter4/system/Database/MigrationRunner.php(173): CodeIgniter\Database\MigrationRunner->ensureTable()
#8 /home/luciano/Documents/projet_final_S4/projet-Final-WEB-S4/codeigniter4/system/Commands/Database/Migrate.php(89): CodeIgniter\Database\MigrationRunner->latest()
#9 /home/luciano/Documents/projet_final_S4/projet-Final-WEB-S4/codeigniter4/system/CLI/SignalTrait.php(245): CodeIgniter\Commands\Database\Migrate::CodeIgniter\Commands\Database\{closure}()
#10 /home/luciano/Documents/projet_final_S4/projet-Final-WEB-S4/codeigniter4/system/Commands/Database/Migrate.php(88): CodeIgniter\Commands\Database\Migrate->withSignalsBlocked()
#11 /home/luciano/Documents/projet_final_S4/projet-Final-WEB-S4/codeigniter4/system/CLI/Commands.php(74): CodeIgniter\Commands\Database\Migrate->run()
#12 /home/luciano/Documents/projet_final_S4/projet-Final-WEB-S4/codeigniter4/system/CLI/Console.php(47): CodeIgniter\CLI\Commands->run()
#13 /home/luciano/Documents/projet_final_S4/projet-Final-WEB-S4/codeigniter4/system/Boot.php(442): CodeIgniter\CLI\Console->run()
#14 /home/luciano/Documents/projet_final_S4/projet-Final-WEB-S4/codeigniter4/system/Boot.php(166): CodeIgniter\Boot::runCommand()
#15 /home/luciano/Documents/projet_final_S4/projet-Final-WEB-S4/codeigniter4/spark(87): CodeIgniter\Boot::bootSpark()
#16 {main}

Next CodeIgniter\Database\Exceptions\DatabaseException: SQLite3 error: Unable to open database: unable to open database file in /home/luciano/Documents/projet_final_S4/projet-Final-WEB-S4/codeigniter4/system/Database/SQLite3/Connection.php:118
Stack trace:
#0 /home/luciano/Documents/projet_final_S4/projet-Final-WEB-S4/codeigniter4/system/Database/BaseConnection.php(555): CodeIgniter\Database\SQLite3\Connection->connect()
#1 /home/luciano/Documents/projet_final_S4/projet-Final-WEB-S4/codeigniter4/system/Database/SQLite3/Connection.php(74): CodeIgniter\Database\BaseConnection->initialize()
#2 /home/luciano/Documents/projet_final_S4/projet-Final-WEB-S4/codeigniter4/system/Database/BaseConnection.php(795): CodeIgniter\Database\SQLite3\Connection->initialize()
#3 /home/luciano/Documents/projet_final_S4/projet-Final-WEB-S4/codeigniter4/system/Database/BaseConnection.php(1706): CodeIgniter\Database\BaseConnection->query()
#4 /home/luciano/Documents/projet_final_S4/projet-Final-WEB-S4/codeigniter4/system/Database/BaseConnection.php(1726): CodeIgniter\Database\BaseConnection->listTables()
#5 /home/luciano/Documents/projet_final_S4/projet-Final-WEB-S4/codeigniter4/system/Database/MigrationRunner.php(821): CodeIgniter\Database\BaseConnection->tableExists()
#6 /home/luciano/Documents/projet_final_S4/projet-Final-WEB-S4/codeigniter4/system/Database/MigrationRunner.php(173): CodeIgniter\Database\MigrationRunner->ensureTable()
#7 /home/luciano/Documents/projet_final_S4/projet-Final-WEB-S4/codeigniter4/system/Commands/Database/Migrate.php(89): CodeIgniter\Database\MigrationRunner->latest()
#8 /home/luciano/Documents/projet_final_S4/projet-Final-WEB-S4/codeigniter4/system/CLI/SignalTrait.php(245): CodeIgniter\Commands\Database\Migrate::CodeIgniter\Commands\Database\{closure}()
#9 /home/luciano/Documents/projet_final_S4/projet-Final-WEB-S4/codeigniter4/system/Commands/Database/Migrate.php(88): CodeIgniter\Commands\Database\Migrate->withSignalsBlocked()
#10 /home/luciano/Documents/projet_final_S4/projet-Final-WEB-S4/codeigniter4/system/CLI/Commands.php(74): CodeIgniter\Commands\Database\Migrate->run()
#11 /home/luciano/Documents/projet_final_S4/projet-Final-WEB-S4/codeigniter4/system/CLI/Console.php(47): CodeIgniter\CLI\Commands->run()
#12 /home/luciano/Documents/projet_final_S4/projet-Final-WEB-S4/codeigniter4/system/Boot.php(442): CodeIgniter\CLI\Console->run()
#13 /home/luciano/Documents/projet_final_S4/projet-Final-WEB-S4/codeigniter4/system/Boot.php(166): CodeIgniter\Boot::runCommand()
#14 /home/luciano/Documents/projet_final_S4/projet-Final-WEB-S4/codeigniter4/spark(87): CodeIgniter\Boot::bootSpark()
#15 {main}
ERROR - 2026-07-20 06:59:40 --> UNIQUE constraint failed: prefixes.code
in SYSTEMPATH/Database/SQLite3/Connection.php on line 163.
 1 SYSTEMPATH/Database/SQLite3/Connection.php(163): SQLite3->exec()
 2 SYSTEMPATH/Database/BaseConnection.php(910): CodeIgniter\Database\SQLite3\Connection->execute()
 3 SYSTEMPATH/Database/BaseConnection.php(827): CodeIgniter\Database\BaseConnection->simpleQuery()
 4 SYSTEMPATH/Database/BaseBuilder.php(1841): CodeIgniter\Database\BaseConnection->query()
 5 SYSTEMPATH/Database/BaseBuilder.php(2230): CodeIgniter\Database\BaseBuilder->batchExecute()
 6 APPPATH/Database/Seeds/PrefixesSeed.php(24): CodeIgniter\Database\BaseBuilder->insertBatch()
 7 SYSTEMPATH/Database/Seeder.php(155): App\Database\Seeds\PrefixesSeed->run()
 8 SYSTEMPATH/Commands/Database/Seed.php(79): CodeIgniter\Database\Seeder->call()
 9 SYSTEMPATH/CLI/Commands.php(74): CodeIgniter\Commands\Database\Seed->run()
10 SYSTEMPATH/CLI/Console.php(47): CodeIgniter\CLI\Commands->run()
11 SYSTEMPATH/Boot.php(442): CodeIgniter\CLI\Console->run()
12 SYSTEMPATH/Boot.php(166): CodeIgniter\Boot::runCommand()
13 ROOTPATH/spark(87): CodeIgniter\Boot::bootSpark()
ERROR - 2026-07-20 06:59:40 --> UNIQUE constraint failed: types_operations.libelle
in SYSTEMPATH/Database/SQLite3/Connection.php on line 163.
 1 SYSTEMPATH/Database/SQLite3/Connection.php(163): SQLite3->exec()
 2 SYSTEMPATH/Database/BaseConnection.php(910): CodeIgniter\Database\SQLite3\Connection->execute()
 3 SYSTEMPATH/Database/BaseConnection.php(827): CodeIgniter\Database\BaseConnection->simpleQuery()
 4 SYSTEMPATH/Database/BaseBuilder.php(1841): CodeIgniter\Database\BaseConnection->query()
 5 SYSTEMPATH/Database/BaseBuilder.php(2230): CodeIgniter\Database\BaseBuilder->batchExecute()
 6 APPPATH/Database/Seeds/TypesOperationsSeed.php(17): CodeIgniter\Database\BaseBuilder->insertBatch()
 7 SYSTEMPATH/Database/Seeder.php(155): App\Database\Seeds\TypesOperationsSeed->run()
 8 SYSTEMPATH/Commands/Database/Seed.php(79): CodeIgniter\Database\Seeder->call()
 9 SYSTEMPATH/CLI/Commands.php(74): CodeIgniter\Commands\Database\Seed->run()
10 SYSTEMPATH/CLI/Console.php(47): CodeIgniter\CLI\Commands->run()
11 SYSTEMPATH/Boot.php(442): CodeIgniter\CLI\Console->run()
12 SYSTEMPATH/Boot.php(166): CodeIgniter\Boot::runCommand()
13 ROOTPATH/spark(87): CodeIgniter\Boot::bootSpark()
